<?xml version="1.0" encoding="UTF-8"?>
<!-- Generated by org.testng.reporters.JUnitReportReporter -->
<testsuite skipped="0" hostname="NGnanasekaran" name="Test.Test1" tests="2" failures="0" timestamp="2020-04-29T11:36:45 IST" time="71.684" errors="0">
  <testcase name="test1" time="33.577" classname="Test.Test1"/>
  <system-out/>
  <testcase name="test2" time="38.107" classname="Test.Test1"/>
  <system-out/>
</testsuite> <!-- Test.Test1 -->
